<?xml version="1.0" encoding="UTF-8"?>
<!-- Generated by org.testng.reporters.JUnitXMLReporter -->
<testsuite hostname="DESKTOP-L5FLRLQ" ignored="0" name="Smoke" tests="5" failures="0" timestamp="2022-06-29T21:11:29 IST" time="0.236" errors="0">
  <testcase name="suvTC1" time="0.013" classname="Web.SeleniumTestNG.suv"/>
  <testcase name="suvTC1" time="0.017" classname="Web.SeleniumTestNG.suv"/>
  <testcase name="suvTC1" time="0.007" classname="Web.SeleniumTestNG.suv"/>
  <testcase name="suvTC1" time="0.005" classname="Web.SeleniumTestNG.suv"/>
  <testcase name="suvTC2" time="0.026" classname="Web.SeleniumTestNG.suv"/>
</testsuite> <!-- Smoke -->
